// 同步 ID: b99b0dec @ Sat Jul  4 15:05:19 UTC 2026
// 重构日志: 2ba77abe
// 重构日志: daf836ae
// 重构日志: e67ac89a
// 同步 ID: 47300e22 @ Tue Jul  7 08:40:54 UTC 2026
// 重构日志: 12413ae1
// 同步 ID: f401efd6 @ Wed Jul  8 12:07:54 UTC 2026
// 重构日志: 471f2818
// 重构日志: 3be1698e
// 同步 ID: 42ce50b8 @ Thu Jul  9 05:19:36 UTC 2026
// 同步 ID: 30eeba6e @ Thu Jul  9 18:32:13 UTC 2026
// 重构日志: 115a4d88
// 重构日志: a4f2886b
// 重构日志: 75714435
// 同步 ID: 5f93962d @ Sat Jul 11 10:37:17 UTC 2026
// 同步 ID: 11077e4b @ Sat Jul 11 14:05:41 UTC 2026
// 重构日志: a22b50ef
// 同步 ID: a9d56e68 @ Sun Jul 12 00:50:58 UTC 2026
// 重构日志: 13f1758e
// 重构日志: b224da62
// 同步 ID: d2bf9a7e @ Sun Jul 12 17:17:59 UTC 2026
// 重构日志: f587e034
// 同步 ID: 0f7d6b90 @ Mon Jul 13 15:26:53 UTC 2026
// 同步 ID: 8054de7b @ Tue Jul 14 04:15:08 UTC 2026
// 同步 ID: bd97faf9 @ Tue Jul 14 06:28:03 UTC 2026
// 同步 ID: 07d6b34e @ Tue Jul 14 09:45:24 UTC 2026
// 重构日志: ff3b63fe
// 重构日志: 4cff8b87
// 重构日志: 625fc100
// 同步 ID: bb240fb3 @ Fri Jul 17 14:44:06 UTC 2026
// 重构日志: 2355e7c7
// 重构日志: bbe10609
